[35m[Appium][39m Welcome to Appium v1.22.3
[35m[Appium][39m Non-default server args:
[35m[Appium][39m   port: 57000
[35m[Appium][39m   loglevel: info
[35m[Appium][39m   tmpDir: C:\Users\noobc\AppData\Local\Temp\\Katalon\Appium\Temp1653367119657
[35m[Appium][39m   chromedriverPort: 57001
[35m[Appium][39m Deprecated server args:
[35m[Appium][39m   [31m--chromedriver-port[39m => --default-capabilities
[35m[Appium][39m Default capabilities, which will be added to each request unless overridden by desired capabilities:
[35m[Appium][39m   chromedriverPort: 57001
[35m[Appium][39m Appium REST http interface listener started on 0.0.0.0:57000
[35m[HTTP][39m [37m-->[39m [37mGET[39m [37m/wd/hub/status[39m
[35m[HTTP][39m [90m{}[39m
[35m[HTTP][39m [37m<-- GET /wd/hub/status [39m[32m200[39m [90m5 ms - 68[39m
[35m[HTTP][39m [90m[39m
[35m[HTTP][39m [37m-->[39m [37mPOST[39m [37m/wd/hub/session[39m
[35m[HTTP][39m [90m{"desiredCapabilities":{"app":"C:\\QA\\automation\\katalon\\Eduapp\\mobileapp\\Shop Samsung_v1.0.29030_apkpure.com.apk","noReset":true,"deviceName":"emulator-5554 (Android SDK built for x86 - Android 7.1.1)","fullReset":false,"platform":"ANDROID","newCommandTimeout":1800,"platformVersion":"7.1.1","automationName":"uiautomator2","autoGrantPermissions":true,"platformName":"Android","udid":"emulator-5554","systemPort":56999},"capabilities":{"firstMatch":[{"appium:app":"C:\\QA\\automation\\katalon\\Eduapp\\mobileapp\\Shop Samsung_v1.0.29030_apkpure.com.apk","appium:autoGrantPermissions":true,"appium:automationName":"uiautomator2","appium:deviceName":"emulator-5554 (Android SDK built for x86 - Android 7.1.1)","appium:fullReset":false,"appium:newCommandTimeout":1800,"appium:noReset":true,"platform":"ANDROID","platformName":"android","appium:platformVersion":"7.1.1","appium:systemPort":56999,"appium:udid":"emulator-5554"}]}}[39m
[35m[BaseDriver][39m The following capabilities are not standard capabilities and should have an extension prefix:
[35m[BaseDriver][39m   platform
[35m[BaseDriver][39m   chromedriverPort
[35m[Appium][39m Appium v1.22.3 creating new AndroidUiautomator2Driver (v1.70.1) session
[35m[BaseDriver][39m The following capabilities were provided, but are not recognized by Appium:
[35m[BaseDriver][39m   platform
[35m[BaseDriver][39m Session created with session id: 90195a50-0fb8-4ddb-8bc1-22fca9dd7071
[35m[BaseDriver][39m Using local app 'C:\QA\automation\katalon\Eduapp\mobileapp\Shop Samsung_v1.0.29030_apkpure.com.apk'
[35m[ADB][39m Found 2 'build-tools' folders under 'C:\Users\noobc\AppData\Local\Android\Sdk' (newest first):
[35m[ADB][39m     C:/Users/noobc/AppData/Local/Android/Sdk/build-tools/32.1.0-rc1
[35m[ADB][39m     C:/Users/noobc/AppData/Local/Android/Sdk/build-tools/32.0.0
[35m[ADB][39m Using 'adb.exe' from 'C:\Users\noobc\AppData\Local\Android\Sdk\platform-tools\adb.exe'
[35m[AndroidDriver][39m Retrieving device list
[35m[AndroidDriver][39m Using device: emulator-5554
[35m[ADB][39m Using 'adb.exe' from 'C:\Users\noobc\AppData\Local\Android\Sdk\platform-tools\adb.exe'
[35m[ADB][39m Package name: 'com.samsung.ecomm'
[35m[ADB][39m Main activity name: 'com.samsung.ecomm.MainActivity'
[35m[ADB][39m Using 'apksigner.jar' from 'C:\Users\noobc\AppData\Local\Android\Sdk\build-tools\32.1.0-rc1\lib\apksigner.jar'
[35m[ADB][39m 'C:\Users\noobc\AppData\Roaming\npm\node_modules\appium\node_modules\appium-uiautomator2-server\apks\appium-uiautomator2-server-v4.27.0.apk' is signed with the default certificate
[35m[ADB][39m 'C:\Users\noobc\AppData\Roaming\npm\node_modules\appium\node_modules\appium-uiautomator2-server\apks\appium-uiautomator2-server-debug-androidTest.apk' is signed with the default certificate
[35m[UiAutomator2][39m Server packages are not going to be (re)installed
[35m[ADB][39m Adding packages ["io.appium.settings","io.appium.uiautomator2.server","io.appium.uiautomator2.server.test"] to Doze whitelist
[35m[ADB][39m 'C:\QA\automation\katalon\Eduapp\mobileapp\Shop Samsung_v1.0.29030_apkpure.com.apk' is signed with a non-default certificate
[35m[UiAutomator2][39m Starting UIAutomator2 server 4.27.0
[35m[UiAutomator2][39m Using UIAutomator2 server from 'C:\Users\noobc\AppData\Roaming\npm\node_modules\appium\node_modules\appium-uiautomator2-server\apks\appium-uiautomator2-server-v4.27.0.apk' and test from 'C:\Users\noobc\AppData\Roaming\npm\node_modules\appium\node_modules\appium-uiautomator2-server\apks\appium-uiautomator2-server-debug-androidTest.apk'
[35m[UiAutomator2][39m Waiting up to 30000ms for UiAutomator2 to be online...
[35m[WD Proxy][39m socket hang up
[35m[WD Proxy][39m socket hang up
[35m[WD Proxy][39m Determined the downstream protocol as 'W3C'
[35m[AndroidDriver][39m Screen already unlocked, doing nothing
[35m[UiAutomator2][39m Starting 'com.samsung.ecomm/com.samsung.ecomm.MainActivity and waiting for 'com.samsung.ecomm/com.samsung.ecomm.MainActivity'
[35m[Appium][39m New AndroidUiautomator2Driver session created successfully, session 90195a50-0fb8-4ddb-8bc1-22fca9dd7071 added to master session list
[35m[HTTP][39m [37m<-- POST /wd/hub/session [39m[32m200[39m [90m14150 ms - 1385[39m
[35m[HTTP][39m [90m[39m
[35m[HTTP][39m [37m-->[39m [37mGET[39m [37m/wd/hub/session/90195a50-0fb8-4ddb-8bc1-22fca9dd7071[39m
[35m[HTTP][39m [90m{}[39m
[35m[HTTP][39m [37m<-- GET /wd/hub/session/90195a50-0fb8-4ddb-8bc1-22fca9dd7071 [39m[32m200[39m [90m15 ms - 1339[39m
[35m[HTTP][39m [90m[39m
[35m[HTTP][39m [37m-->[39m [37mGET[39m [37m/wd/hub/session/90195a50-0fb8-4ddb-8bc1-22fca9dd7071[39m
[35m[HTTP][39m [90m{}[39m
[35m[HTTP][39m [37m<-- GET /wd/hub/session/90195a50-0fb8-4ddb-8bc1-22fca9dd7071 [39m[32m200[39m [90m10 ms - 1339[39m
[35m[HTTP][39m [90m[39m
[35m[HTTP][39m [37m-->[39m [37mGET[39m [37m/wd/hub/status[39m
[35m[HTTP][39m [90m{}[39m
[35m[HTTP][39m [37m<-- GET /wd/hub/status [39m[32m200[39m [90m1 ms - 68[39m
[35m[HTTP][39m [90m[39m
[35m[HTTP][39m [37m-->[39m [37mPOST[39m [37m/wd/hub/session/90195a50-0fb8-4ddb-8bc1-22fca9dd7071/timeouts[39m
[35m[HTTP][39m [90m{"implicit":30000}[39m
[35m[HTTP][39m [37m<-- POST /wd/hub/session/90195a50-0fb8-4ddb-8bc1-22fca9dd7071/timeouts [39m[32m200[39m [90m7 ms - 14[39m
[35m[HTTP][39m [90m[39m
[35m[HTTP][39m [37m-->[39m [37mGET[39m [37m/wd/hub/session/90195a50-0fb8-4ddb-8bc1-22fca9dd7071/screenshot[39m
[35m[HTTP][39m [90m{}[39m
[35m[HTTP][39m [37m<-- GET /wd/hub/session/90195a50-0fb8-4ddb-8bc1-22fca9dd7071/screenshot [39m[32m200[39m [90m426 ms - 53586[39m
[35m[HTTP][39m [90m[39m
[35m[HTTP][39m [37m-->[39m [37mGET[39m [37m/wd/hub/session/90195a50-0fb8-4ddb-8bc1-22fca9dd7071/window/rect[39m
[35m[HTTP][39m [90m{}[39m
[35m[HTTP][39m [37m<-- GET /wd/hub/session/90195a50-0fb8-4ddb-8bc1-22fca9dd7071/window/rect [39m[32m200[39m [90m18 ms - 50[39m
[35m[HTTP][39m [90m[39m
[35m[HTTP][39m [37m-->[39m [37mGET[39m [37m/wd/hub/session/90195a50-0fb8-4ddb-8bc1-22fca9dd7071/appium/device/system_bars[39m
[35m[HTTP][39m [90m{}[39m
[35m[HTTP][39m [37m<-- GET /wd/hub/session/90195a50-0fb8-4ddb-8bc1-22fca9dd7071/appium/device/system_bars [39m[32m200[39m [90m414 ms - 151[39m
[35m[HTTP][39m [90m[39m
[35m[HTTP][39m [37m-->[39m [37mPOST[39m [37m/wd/hub/session/90195a50-0fb8-4ddb-8bc1-22fca9dd7071/timeouts[39m
[35m[HTTP][39m [90m{"implicit":50}[39m
[35m[HTTP][39m [37m<-- POST /wd/hub/session/90195a50-0fb8-4ddb-8bc1-22fca9dd7071/timeouts [39m[32m200[39m [90m3 ms - 14[39m
[35m[HTTP][39m [90m[39m
[35m[HTTP][39m [37m-->[39m [37mGET[39m [37m/wd/hub/session/90195a50-0fb8-4ddb-8bc1-22fca9dd7071/window/rect[39m
[35m[HTTP][39m [90m{}[39m
[35m[HTTP][39m [37m<-- GET /wd/hub/session/90195a50-0fb8-4ddb-8bc1-22fca9dd7071/window/rect [39m[32m200[39m [90m14 ms - 50[39m
[35m[HTTP][39m [90m[39m
[35m[HTTP][39m [37m-->[39m [37mPOST[39m [37m/wd/hub/session/90195a50-0fb8-4ddb-8bc1-22fca9dd7071/elements[39m
[35m[HTTP][39m [90m{"using":"xpath","value":"//*[@class = 'android.widget.TextView' and @resource-id = 'com.samsung.ecomm:id/action_search' and (@text = '' or . = '')]"}[39m
[35m[HTTP][39m [37m<-- POST /wd/hub/session/90195a50-0fb8-4ddb-8bc1-22fca9dd7071/elements [39m[32m200[39m [90m1344 ms - 139[39m
[35m[HTTP][39m [90m[39m
[35m[HTTP][39m [37m-->[39m [37mGET[39m [37m/wd/hub/session/90195a50-0fb8-4ddb-8bc1-22fca9dd7071/element/00000000-0000-0319-7fff-ffff00000013/location[39m
[35m[HTTP][39m [90m{}[39m
[35m[W3C (90195a50)][39m Driver proxy active, passing request on via HTTP proxy
[35m[WD Proxy][39m Replacing sessionId 56b3acd5-4b26-4a12-badb-a2521ffa31e3 with 90195a50-0fb8-4ddb-8bc1-22fca9dd7071
[35m[HTTP][39m [37m<-- GET /wd/hub/session/90195a50-0fb8-4ddb-8bc1-22fca9dd7071/element/00000000-0000-0319-7fff-ffff00000013/location [39m[32m200[39m [90m352 ms - 77[39m
[35m[HTTP][39m [90m[39m
[35m[HTTP][39m [37m-->[39m [37mPOST[39m [37m/wd/hub/session/90195a50-0fb8-4ddb-8bc1-22fca9dd7071/timeouts[39m
[35m[HTTP][39m [90m{"implicit":30000}[39m
[35m[HTTP][39m [37m<-- POST /wd/hub/session/90195a50-0fb8-4ddb-8bc1-22fca9dd7071/timeouts [39m[32m200[39m [90m2 ms - 14[39m
[35m[HTTP][39m [90m[39m
[35m[HTTP][39m [37m-->[39m [37mPOST[39m [37m/wd/hub/session/90195a50-0fb8-4ddb-8bc1-22fca9dd7071/element/00000000-0000-0319-7fff-ffff00000013/click[39m
[35m[HTTP][39m [90m{"id":"00000000-0000-0319-7fff-ffff00000013"}[39m
[35m[HTTP][39m [37m<-- POST /wd/hub/session/90195a50-0fb8-4ddb-8bc1-22fca9dd7071/element/00000000-0000-0319-7fff-ffff00000013/click [39m[32m200[39m [90m24 ms - 14[39m
[35m[HTTP][39m [90m[39m
[35m[HTTP][39m [37m-->[39m [37mPOST[39m [37m/wd/hub/session/90195a50-0fb8-4ddb-8bc1-22fca9dd7071/timeouts[39m
[35m[HTTP][39m [90m{"implicit":50}[39m
[35m[HTTP][39m [37m<-- POST /wd/hub/session/90195a50-0fb8-4ddb-8bc1-22fca9dd7071/timeouts [39m[32m200[39m [90m1 ms - 14[39m
[35m[HTTP][39m [90m[39m
[35m[HTTP][39m [37m-->[39m [37mGET[39m [37m/wd/hub/session/90195a50-0fb8-4ddb-8bc1-22fca9dd7071/window/rect[39m
[35m[HTTP][39m [90m{}[39m
[35m[HTTP][39m [37m<-- GET /wd/hub/session/90195a50-0fb8-4ddb-8bc1-22fca9dd7071/window/rect [39m[32m200[39m [90m13 ms - 50[39m
[35m[HTTP][39m [90m[39m
[35m[HTTP][39m [37m-->[39m [37mPOST[39m [37m/wd/hub/session/90195a50-0fb8-4ddb-8bc1-22fca9dd7071/elements[39m
[35m[HTTP][39m [90m{"using":"xpath","value":"//*[@class = 'android.widget.EditText' and (@text = 'Search' or . = 'Search') and @resource-id = 'com.samsung.ecomm:id/fsv_search_text']"}[39m
[35m[HTTP][39m [37m<-- POST /wd/hub/session/90195a50-0fb8-4ddb-8bc1-22fca9dd7071/elements [39m[32m200[39m [90m1339 ms - 139[39m
[35m[HTTP][39m [90m[39m
[35m[HTTP][39m [37m-->[39m [37mGET[39m [37m/wd/hub/session/90195a50-0fb8-4ddb-8bc1-22fca9dd7071/element/00000000-0000-0319-7fff-ffff000000e9/location[39m
[35m[HTTP][39m [90m{}[39m
[35m[W3C (90195a50)][39m Driver proxy active, passing request on via HTTP proxy
[35m[WD Proxy][39m Replacing sessionId 56b3acd5-4b26-4a12-badb-a2521ffa31e3 with 90195a50-0fb8-4ddb-8bc1-22fca9dd7071
[35m[HTTP][39m [37m<-- GET /wd/hub/session/90195a50-0fb8-4ddb-8bc1-22fca9dd7071/element/00000000-0000-0319-7fff-ffff000000e9/location [39m[32m200[39m [90m13 ms - 77[39m
[35m[HTTP][39m [90m[39m
[35m[HTTP][39m [37m-->[39m [37mPOST[39m [37m/wd/hub/session/90195a50-0fb8-4ddb-8bc1-22fca9dd7071/timeouts[39m
[35m[HTTP][39m [90m{"implicit":30000}[39m
[35m[HTTP][39m [37m<-- POST /wd/hub/session/90195a50-0fb8-4ddb-8bc1-22fca9dd7071/timeouts [39m[32m200[39m [90m1 ms - 14[39m
[35m[HTTP][39m [90m[39m
[35m[HTTP][39m [37m-->[39m [37mPOST[39m [37m/wd/hub/session/90195a50-0fb8-4ddb-8bc1-22fca9dd7071/element/00000000-0000-0319-7fff-ffff000000e9/value[39m
[35m[HTTP][39m [90m{"id":"00000000-0000-0319-7fff-ffff000000e9","text":"Galaxy Watch4\\n","value":["G","a","l","a","x","y"," ","W","a","t","c","h","4","\\","n"]}[39m
[35m[HTTP][39m [37m<-- POST /wd/hub/session/90195a50-0fb8-4ddb-8bc1-22fca9dd7071/element/00000000-0000-0319-7fff-ffff000000e9/value [39m[32m200[39m [90m1095 ms - 14[39m
[35m[HTTP][39m [90m[39m
[35m[HTTP][39m [37m-->[39m [37mGET[39m [37m/wd/hub/session/90195a50-0fb8-4ddb-8bc1-22fca9dd7071/context[39m
[35m[HTTP][39m [90m{}[39m
[35m[HTTP][39m [37m<-- GET /wd/hub/session/90195a50-0fb8-4ddb-8bc1-22fca9dd7071/context [39m[32m200[39m [90m2 ms - 22[39m
[35m[HTTP][39m [90m[39m
[35m[HTTP][39m [37m-->[39m [37mGET[39m [37m/wd/hub/session/90195a50-0fb8-4ddb-8bc1-22fca9dd7071/contexts[39m
[35m[HTTP][39m [90m{}[39m
[35m[HTTP][39m [37m<-- GET /wd/hub/session/90195a50-0fb8-4ddb-8bc1-22fca9dd7071/contexts [39m[32m200[39m [90m78 ms - 24[39m
[35m[HTTP][39m [90m[39m
[35m[HTTP][39m [37m-->[39m [37mPOST[39m [37m/wd/hub/session/90195a50-0fb8-4ddb-8bc1-22fca9dd7071/context[39m
[35m[HTTP][39m [90m{"name":"NATIVE_APP"}[39m
[35m[HTTP][39m [37m<-- POST /wd/hub/session/90195a50-0fb8-4ddb-8bc1-22fca9dd7071/context [39m[32m200[39m [90m4 ms - 14[39m
[35m[HTTP][39m [90m[39m
[35m[HTTP][39m [37m-->[39m [37mPOST[39m [37m/wd/hub/session/90195a50-0fb8-4ddb-8bc1-22fca9dd7071/element[39m
[35m[HTTP][39m [90m{"using":"-android uiautomator","value":"new UiScrollable(new UiSelector().scrollable(true).instance(0)).scrollIntoView(new UiSelector().textContains(\"Galaxy Watch4, 40mm, Silver, Bluetooth\"))"}[39m
[35m[HTTP][39m [37m<-- POST /wd/hub/session/90195a50-0fb8-4ddb-8bc1-22fca9dd7071/element [39m[32m200[39m [90m3603 ms - 137[39m
[35m[HTTP][39m [90m[39m
[35m[HTTP][39m [37m-->[39m [37mPOST[39m [37m/wd/hub/session/90195a50-0fb8-4ddb-8bc1-22fca9dd7071/context[39m
[35m[HTTP][39m [90m{"name":"NATIVE_APP"}[39m
[35m[HTTP][39m [37m<-- POST /wd/hub/session/90195a50-0fb8-4ddb-8bc1-22fca9dd7071/context [39m[32m200[39m [90m1 ms - 14[39m
[35m[HTTP][39m [90m[39m
[35m[HTTP][39m [37m-->[39m [37mPOST[39m [37m/wd/hub/session/90195a50-0fb8-4ddb-8bc1-22fca9dd7071/timeouts[39m
[35m[HTTP][39m [90m{"implicit":50}[39m
[35m[HTTP][39m [37m<-- POST /wd/hub/session/90195a50-0fb8-4ddb-8bc1-22fca9dd7071/timeouts [39m[32m200[39m [90m1 ms - 14[39m
[35m[HTTP][39m [90m[39m
[35m[HTTP][39m [37m-->[39m [37mGET[39m [37m/wd/hub/session/90195a50-0fb8-4ddb-8bc1-22fca9dd7071/window/rect[39m
[35m[HTTP][39m [90m{}[39m
[35m[HTTP][39m [37m<-- GET /wd/hub/session/90195a50-0fb8-4ddb-8bc1-22fca9dd7071/window/rect [39m[32m200[39m [90m11 ms - 50[39m
[35m[HTTP][39m [90m[39m
[35m[HTTP][39m [37m-->[39m [37mPOST[39m [37m/wd/hub/session/90195a50-0fb8-4ddb-8bc1-22fca9dd7071/elements[39m
[35m[HTTP][39m [90m{"using":"xpath","value":"//*[@class = 'android.widget.TextView' and (@text = 'Galaxy Watch4, 40mm, Silver, Bluetooth' or . = 'Galaxy Watch4, 40mm, Silver, Bluetooth') and @resource-id = 'com.samsung.ecomm:id/product_name']"}[39m
[35m[HTTP][39m [37m<-- POST /wd/hub/session/90195a50-0fb8-4ddb-8bc1-22fca9dd7071/elements [39m[32m200[39m [90m149 ms - 139[39m
[35m[HTTP][39m [90m[39m
[35m[HTTP][39m [37m-->[39m [37mGET[39m [37m/wd/hub/session/90195a50-0fb8-4ddb-8bc1-22fca9dd7071/element/00000000-0000-0319-7fff-ffff00000151/location[39m
[35m[HTTP][39m [90m{}[39m
[35m[W3C (90195a50)][39m Driver proxy active, passing request on via HTTP proxy
[35m[WD Proxy][39m Replacing sessionId 56b3acd5-4b26-4a12-badb-a2521ffa31e3 with 90195a50-0fb8-4ddb-8bc1-22fca9dd7071
[35m[HTTP][39m [37m<-- GET /wd/hub/session/90195a50-0fb8-4ddb-8bc1-22fca9dd7071/element/00000000-0000-0319-7fff-ffff00000151/location [39m[32m200[39m [90m10 ms - 78[39m
[35m[HTTP][39m [90m[39m
[35m[HTTP][39m [37m-->[39m [37mPOST[39m [37m/wd/hub/session/90195a50-0fb8-4ddb-8bc1-22fca9dd7071/timeouts[39m
[35m[HTTP][39m [90m{"implicit":30000}[39m
[35m[HTTP][39m [37m<-- POST /wd/hub/session/90195a50-0fb8-4ddb-8bc1-22fca9dd7071/timeouts [39m[32m200[39m [90m1 ms - 14[39m
[35m[HTTP][39m [90m[39m
[35m[HTTP][39m [37m-->[39m [37mPOST[39m [37m/wd/hub/session/90195a50-0fb8-4ddb-8bc1-22fca9dd7071/element/00000000-0000-0319-7fff-ffff00000151/click[39m
[35m[HTTP][39m [90m{"id":"00000000-0000-0319-7fff-ffff00000151"}[39m
[35m[HTTP][39m [37m<-- POST /wd/hub/session/90195a50-0fb8-4ddb-8bc1-22fca9dd7071/element/00000000-0000-0319-7fff-ffff00000151/click [39m[32m200[39m [90m15 ms - 14[39m
[35m[HTTP][39m [90m[39m
[35m[HTTP][39m [37m-->[39m [37mPOST[39m [37m/wd/hub/session/90195a50-0fb8-4ddb-8bc1-22fca9dd7071/timeouts[39m
[35m[HTTP][39m [90m{"implicit":50}[39m
[35m[HTTP][39m [37m<-- POST /wd/hub/session/90195a50-0fb8-4ddb-8bc1-22fca9dd7071/timeouts [39m[32m200[39m [90m2 ms - 14[39m
[35m[HTTP][39m [90m[39m
[35m[HTTP][39m [37m-->[39m [37mGET[39m [37m/wd/hub/session/90195a50-0fb8-4ddb-8bc1-22fca9dd7071/window/rect[39m
[35m[HTTP][39m [90m{}[39m
[35m[HTTP][39m [37m<-- GET /wd/hub/session/90195a50-0fb8-4ddb-8bc1-22fca9dd7071/window/rect [39m[32m200[39m [90m15 ms - 50[39m
[35m[HTTP][39m [90m[39m
[35m[HTTP][39m [37m-->[39m [37mPOST[39m [37m/wd/hub/session/90195a50-0fb8-4ddb-8bc1-22fca9dd7071/elements[39m
[35m[HTTP][39m [90m{"using":"xpath","value":"//*[@class = 'android.widget.TextView' and (@text = 'BUY NOW' or . = 'BUY NOW') and @resource-id = 'com.samsung.ecomm:id/start_configurator']"}[39m
[35m[HTTP][39m [37m<-- POST /wd/hub/session/90195a50-0fb8-4ddb-8bc1-22fca9dd7071/elements [39m[32m200[39m [90m1394 ms - 139[39m
[35m[HTTP][39m [90m[39m
[35m[HTTP][39m [37m-->[39m [37mGET[39m [37m/wd/hub/session/90195a50-0fb8-4ddb-8bc1-22fca9dd7071/element/00000000-0000-0319-7fff-ffff0000023e/location[39m
[35m[HTTP][39m [90m{}[39m
[35m[W3C (90195a50)][39m Driver proxy active, passing request on via HTTP proxy
[35m[WD Proxy][39m Replacing sessionId 56b3acd5-4b26-4a12-badb-a2521ffa31e3 with 90195a50-0fb8-4ddb-8bc1-22fca9dd7071
[35m[HTTP][39m [37m<-- GET /wd/hub/session/90195a50-0fb8-4ddb-8bc1-22fca9dd7071/element/00000000-0000-0319-7fff-ffff0000023e/location [39m[32m200[39m [90m658 ms - 77[39m
[35m[HTTP][39m [90m[39m
[35m[HTTP][39m [37m-->[39m [37mPOST[39m [37m/wd/hub/session/90195a50-0fb8-4ddb-8bc1-22fca9dd7071/timeouts[39m
[35m[HTTP][39m [90m{"implicit":30000}[39m
[35m[HTTP][39m [37m<-- POST /wd/hub/session/90195a50-0fb8-4ddb-8bc1-22fca9dd7071/timeouts [39m[32m200[39m [90m1 ms - 14[39m
[35m[HTTP][39m [90m[39m
[35m[HTTP][39m [37m-->[39m [37mPOST[39m [37m/wd/hub/session/90195a50-0fb8-4ddb-8bc1-22fca9dd7071/element/00000000-0000-0319-7fff-ffff0000023e/click[39m
[35m[HTTP][39m [90m{"id":"00000000-0000-0319-7fff-ffff0000023e"}[39m
[35m[HTTP][39m [37m<-- POST /wd/hub/session/90195a50-0fb8-4ddb-8bc1-22fca9dd7071/element/00000000-0000-0319-7fff-ffff0000023e/click [39m[32m200[39m [90m15 ms - 14[39m
[35m[HTTP][39m [90m[39m
[35m[HTTP][39m [37m-->[39m [37mDELETE[39m [37m/wd/hub/session/90195a50-0fb8-4ddb-8bc1-22fca9dd7071[39m
[35m[HTTP][39m [90m{}[39m
[35m[Appium][39m Removing session 90195a50-0fb8-4ddb-8bc1-22fca9dd7071 from our master session list
[35m[HTTP][39m [37m<-- DELETE /wd/hub/session/90195a50-0fb8-4ddb-8bc1-22fca9dd7071 [39m[32m200[39m [90m814 ms - 14[39m
[35m[HTTP][39m [90m[39m
